2025-02-21T00:49:46+00:00 CRITICAL Uncaught TypeError: array_filter(): Argument #1 ($array) must be of type array, null given in C:\laragon\www\Tienda-Qaroni\wp-content\plugins\woocommerce\packages\woocommerce-admin\src\RemoteInboxNotifications\SpecRunner.php:122
Stack trace:
#0 C:\laragon\www\Tienda-Qaroni\wp-content\plugins\woocommerce\packages\woocommerce-admin\src\RemoteInboxNotifications\SpecRunner.php(122): array_filter(NULL, Object(Closure))
#1 C:\laragon\www\Tienda-Qaroni\wp-content\plugins\woocommerce\packages\woocommerce-admin\src\RemoteInboxNotifications\SpecRunner.php(53): Automattic\WooCommerce\Admin\RemoteInboxNotifications\SpecRunner::get_locale(NULL)
#2 C:\laragon\www\Tienda-Qaroni\wp-content\plugins\woocommerce\packages\woocommerce-admin\src\RemoteInboxNotifications\RemoteInboxNotificationsEngine.php(101): Automattic\WooCommerce\Admin\RemoteInboxNotifications\SpecRunner::run_spec(Array, Object(stdClass))
#3 C:\laragon\www\Tienda-Qaroni\wp-content\plugins\woocommerce\packages\woocommerce-admin\src\RemoteInboxNotifications\RemoteInboxNotificationsEngine.php(113): Automattic\WooCommerce\Admin\RemoteInboxNotifications\RemoteInboxNotificationsEngine::run()
#4 C:\laragon\www\Tienda-Qaroni\wp-includes\class-wp-hook.php(324): Automattic\WooCommerce\Admin\RemoteInboxNotifications\RemoteInboxNotificationsEngine::run_on_woocommerce_admin_updated('')
#5 C:\laragon\www\Tienda-Qaroni\wp-includes\class-wp-hook.php(348): WP_Hook->apply_filters('', Array)
#6 C:\laragon\www\Tienda-Qaroni\wp-includes\plugin.php(517): WP_Hook->do_action(Array)
#7 C:\laragon\www\Tienda-Qaroni\wp-content\plugins\woocommerce\packages\woocommerce-admin\src-internal\Admin\Install.php(165): do_action('woocommerce_adm...')
#8 C:\laragon\www\Tienda-Qaroni\wp-includes\class-wp-hook.php(324): Automattic\WooCommerce\Internal\Admin\Install::check_version('')
#9 C:\laragon\www\Tienda-Qaroni\wp-includes\class-wp-hook.php(348): WP_Hook->apply_filters(NULL, Array)
#10 C:\laragon\www\Tienda-Qaroni\wp-includes\plugin.php(517): WP_Hook->do_action(Array)
#11 C:\laragon\www\Tienda-Qaroni\wp-settings.php(704): do_action('init')
#12 C:\laragon\www\Tienda-Qaroni\wp-config.php(109): require_once('C:\\laragon\\www\\...')
#13 C:\laragon\www\Tienda-Qaroni\wp-load.php(50): require_once('C:\\laragon\\www\\...')
#14 C:\laragon\www\Tienda-Qaroni\wp-admin\admin.php(34): require_once('C:\\laragon\\www\\...')
#15 C:\laragon\www\Tienda-Qaroni\wp-admin\plugins.php(10): require_once('C:\\laragon\\www\\...')
#16 {main}
  thrown in C:\laragon\www\Tienda-Qaroni\wp-content\plugins\woocommerce\packages\woocommerce-admin\src\RemoteInboxNotifications\SpecRunner.php on line 122

2025-02-21T00:54:57+00:00 CRITICAL Uncaught TypeError: array_filter(): Argument #1 ($array) must be of type array, null given in C:\laragon\www\Tienda-Qaroni\wp-content\plugins\woocommerce\packages\woocommerce-admin\src\RemoteInboxNotifications\SpecRunner.php:122
Stack trace:
#0 C:\laragon\www\Tienda-Qaroni\wp-content\plugins\woocommerce\packages\woocommerce-admin\src\RemoteInboxNotifications\SpecRunner.php(122): array_filter(NULL, Object(Closure))
#1 C:\laragon\www\Tienda-Qaroni\wp-content\plugins\woocommerce\packages\woocommerce-admin\src\RemoteInboxNotifications\SpecRunner.php(53): Automattic\WooCommerce\Admin\RemoteInboxNotifications\SpecRunner::get_locale(NULL)
#2 C:\laragon\www\Tienda-Qaroni\wp-content\plugins\woocommerce\packages\woocommerce-admin\src\RemoteInboxNotifications\RemoteInboxNotificationsEngine.php(101): Automattic\WooCommerce\Admin\RemoteInboxNotifications\SpecRunner::run_spec(Array, Object(stdClass))
#3 C:\laragon\www\Tienda-Qaroni\wp-includes\class-wp-hook.php(326): Automattic\WooCommerce\Admin\RemoteInboxNotifications\RemoteInboxNotificationsEngine::run('qaroni-pagos/qa...')
#4 C:\laragon\www\Tienda-Qaroni\wp-includes\class-wp-hook.php(348): WP_Hook->apply_filters(NULL, Array)
#5 C:\laragon\www\Tienda-Qaroni\wp-includes\plugin.php(517): WP_Hook->do_action(Array)
#6 C:\laragon\www\Tienda-Qaroni\wp-admin\includes\plugin.php(730): do_action('activated_plugi...', 'qaroni-pagos/qa...', false)
#7 C:\laragon\www\Tienda-Qaroni\wp-admin\plugins.php(60): activate_plugin('qaroni-pagos/qa...', 'http://tienda-q...', false)
#8 {main}
  thrown in C:\laragon\www\Tienda-Qaroni\wp-content\plugins\woocommerce\packages\woocommerce-admin\src\RemoteInboxNotifications\SpecRunner.php on line 122

2025-02-21T01:19:29+00:00 CRITICAL Uncaught TypeError: array_filter(): Argument #1 ($array) must be of type array, null given in C:\laragon\www\Tienda-Qaroni\wp-content\plugins\woocommerce\packages\woocommerce-admin\src\RemoteInboxNotifications\SpecRunner.php:122
Stack trace:
#0 C:\laragon\www\Tienda-Qaroni\wp-content\plugins\woocommerce\packages\woocommerce-admin\src\RemoteInboxNotifications\SpecRunner.php(122): array_filter(NULL, Object(Closure))
#1 C:\laragon\www\Tienda-Qaroni\wp-content\plugins\woocommerce\packages\woocommerce-admin\src\RemoteInboxNotifications\SpecRunner.php(53): Automattic\WooCommerce\Admin\RemoteInboxNotifications\SpecRunner::get_locale(NULL)
#2 C:\laragon\www\Tienda-Qaroni\wp-content\plugins\woocommerce\packages\woocommerce-admin\src\RemoteInboxNotifications\RemoteInboxNotificationsEngine.php(101): Automattic\WooCommerce\Admin\RemoteInboxNotifications\SpecRunner::run_spec(Array, Object(stdClass))
#3 C:\laragon\www\Tienda-Qaroni\wp-includes\class-wp-hook.php(326): Automattic\WooCommerce\Admin\RemoteInboxNotifications\RemoteInboxNotificationsEngine::run('fluid-checkout/...')
#4 C:\laragon\www\Tienda-Qaroni\wp-includes\class-wp-hook.php(348): WP_Hook->apply_filters(NULL, Array)
#5 C:\laragon\www\Tienda-Qaroni\wp-includes\plugin.php(517): WP_Hook->do_action(Array)
#6 C:\laragon\www\Tienda-Qaroni\wp-admin\includes\plugin.php(730): do_action('activated_plugi...', 'fluid-checkout/...', false)
#7 C:\laragon\www\Tienda-Qaroni\wp-admin\plugins.php(60): activate_plugin('fluid-checkout/...', 'http://tienda-q...', false)
#8 {main}
  thrown in C:\laragon\www\Tienda-Qaroni\wp-content\plugins\woocommerce\packages\woocommerce-admin\src\RemoteInboxNotifications\SpecRunner.php on line 122

2025-02-21T13:01:15+00:00 CRITICAL Uncaught TypeError: array_filter(): Argument #1 ($array) must be of type array, null given in C:\laragon\www\Tienda-Qaroni\wp-content\plugins\woocommerce\packages\woocommerce-admin\src\RemoteInboxNotifications\SpecRunner.php:122
Stack trace:
#0 C:\laragon\www\Tienda-Qaroni\wp-content\plugins\woocommerce\packages\woocommerce-admin\src\RemoteInboxNotifications\SpecRunner.php(122): array_filter(NULL, Object(Closure))
#1 C:\laragon\www\Tienda-Qaroni\wp-content\plugins\woocommerce\packages\woocommerce-admin\src\RemoteInboxNotifications\SpecRunner.php(53): Automattic\WooCommerce\Admin\RemoteInboxNotifications\SpecRunner::get_locale(NULL)
#2 C:\laragon\www\Tienda-Qaroni\wp-content\plugins\woocommerce\packages\woocommerce-admin\src\RemoteInboxNotifications\RemoteInboxNotificationsEngine.php(101): Automattic\WooCommerce\Admin\RemoteInboxNotifications\SpecRunner::run_spec(Array, Object(stdClass))
#3 C:\laragon\www\Tienda-Qaroni\wp-content\plugins\woocommerce\packages\woocommerce-admin\src\RemoteInboxNotifications\RemoteInboxNotificationsEngine.php(155): Automattic\WooCommerce\Admin\RemoteInboxNotifications\RemoteInboxNotificationsEngine::run()
#4 C:\laragon\www\Tienda-Qaroni\wp-includes\class-wp-hook.php(326): Automattic\WooCommerce\Admin\RemoteInboxNotifications\RemoteInboxNotificationsEngine::run_on_deactivated_plugin('qaroni-pagos/qa...')
#5 C:\laragon\www\Tienda-Qaroni\wp-includes\class-wp-hook.php(348): WP_Hook->apply_filters(NULL, Array)
#6 C:\laragon\www\Tienda-Qaroni\wp-includes\plugin.php(517): WP_Hook->do_action(Array)
#7 C:\laragon\www\Tienda-Qaroni\wp-admin\includes\plugin.php(840): do_action('deactivated_plu...', 'qaroni-pagos/qa...', false)
#8 C:\laragon\www\Tienda-Qaroni\wp-admin\plugins.php(211): deactivate_plugins('qaroni-pagos/qa...', false, false)
#9 {main}
  thrown in C:\laragon\www\Tienda-Qaroni\wp-content\plugins\woocommerce\packages\woocommerce-admin\src\RemoteInboxNotifications\SpecRunner.php on line 122

2025-02-21T13:01:36+00:00 CRITICAL Uncaught TypeError: array_filter(): Argument #1 ($array) must be of type array, null given in C:\laragon\www\Tienda-Qaroni\wp-content\plugins\woocommerce\packages\woocommerce-admin\src\RemoteInboxNotifications\SpecRunner.php:122
Stack trace:
#0 C:\laragon\www\Tienda-Qaroni\wp-content\plugins\woocommerce\packages\woocommerce-admin\src\RemoteInboxNotifications\SpecRunner.php(122): array_filter(NULL, Object(Closure))
#1 C:\laragon\www\Tienda-Qaroni\wp-content\plugins\woocommerce\packages\woocommerce-admin\src\RemoteInboxNotifications\SpecRunner.php(53): Automattic\WooCommerce\Admin\RemoteInboxNotifications\SpecRunner::get_locale(NULL)
#2 C:\laragon\www\Tienda-Qaroni\wp-content\plugins\woocommerce\packages\woocommerce-admin\src\RemoteInboxNotifications\RemoteInboxNotificationsEngine.php(101): Automattic\WooCommerce\Admin\RemoteInboxNotifications\SpecRunner::run_spec(Array, Object(stdClass))
#3 C:\laragon\www\Tienda-Qaroni\wp-content\plugins\woocommerce\packages\woocommerce-admin\src\RemoteInboxNotifications\RemoteInboxNotificationsEngine.php(155): Automattic\WooCommerce\Admin\RemoteInboxNotifications\RemoteInboxNotificationsEngine::run()
#4 C:\laragon\www\Tienda-Qaroni\wp-includes\class-wp-hook.php(326): Automattic\WooCommerce\Admin\RemoteInboxNotifications\RemoteInboxNotificationsEngine::run_on_deactivated_plugin('qaroni-pagos/qa...')
#5 C:\laragon\www\Tienda-Qaroni\wp-includes\class-wp-hook.php(348): WP_Hook->apply_filters(NULL, Array)
#6 C:\laragon\www\Tienda-Qaroni\wp-includes\plugin.php(517): WP_Hook->do_action(Array)
#7 C:\laragon\www\Tienda-Qaroni\wp-admin\includes\plugin.php(840): do_action('deactivated_plu...', 'qaroni-pagos/qa...', false)
#8 C:\laragon\www\Tienda-Qaroni\wp-admin\plugins.php(211): deactivate_plugins('qaroni-pagos/qa...', false, false)
#9 {main}
  thrown in C:\laragon\www\Tienda-Qaroni\wp-content\plugins\woocommerce\packages\woocommerce-admin\src\RemoteInboxNotifications\SpecRunner.php on line 122

2025-02-21T13:06:21+00:00 CRITICAL Uncaught TypeError: array_filter(): Argument #1 ($array) must be of type array, null given in C:\laragon\www\Tienda-Qaroni\wp-content\plugins\woocommerce\packages\woocommerce-admin\src\RemoteInboxNotifications\SpecRunner.php:122
Stack trace:
#0 C:\laragon\www\Tienda-Qaroni\wp-content\plugins\woocommerce\packages\woocommerce-admin\src\RemoteInboxNotifications\SpecRunner.php(122): array_filter(NULL, Object(Closure))
#1 C:\laragon\www\Tienda-Qaroni\wp-content\plugins\woocommerce\packages\woocommerce-admin\src\RemoteInboxNotifications\SpecRunner.php(53): Automattic\WooCommerce\Admin\RemoteInboxNotifications\SpecRunner::get_locale(NULL)
#2 C:\laragon\www\Tienda-Qaroni\wp-content\plugins\woocommerce\packages\woocommerce-admin\src\RemoteInboxNotifications\RemoteInboxNotificationsEngine.php(101): Automattic\WooCommerce\Admin\RemoteInboxNotifications\SpecRunner::run_spec(Array, Object(stdClass))
#3 C:\laragon\www\Tienda-Qaroni\wp-content\plugins\woocommerce\packages\woocommerce-admin\src\RemoteInboxNotifications\RemoteInboxNotificationsEngine.php(155): Automattic\WooCommerce\Admin\RemoteInboxNotifications\RemoteInboxNotificationsEngine::run()
#4 C:\laragon\www\Tienda-Qaroni\wp-includes\class-wp-hook.php(326): Automattic\WooCommerce\Admin\RemoteInboxNotifications\RemoteInboxNotificationsEngine::run_on_deactivated_plugin('woocommerce/woo...')
#5 C:\laragon\www\Tienda-Qaroni\wp-includes\class-wp-hook.php(348): WP_Hook->apply_filters(NULL, Array)
#6 C:\laragon\www\Tienda-Qaroni\wp-includes\plugin.php(517): WP_Hook->do_action(Array)
#7 C:\laragon\www\Tienda-Qaroni\wp-admin\includes\plugin.php(840): do_action('deactivated_plu...', 'woocommerce/woo...', false)
#8 C:\laragon\www\Tienda-Qaroni\wp-admin\plugins.php(211): deactivate_plugins('woocommerce/woo...', false, false)
#9 {main}
  thrown in C:\laragon\www\Tienda-Qaroni\wp-content\plugins\woocommerce\packages\woocommerce-admin\src\RemoteInboxNotifications\SpecRunner.php on line 122

