2025-02-21T01:38:50+00:00 DEBUG Array
(
    [code] => 201
    [msg_banco] => Pago Aprobado
    [voucher] => 
    [id_pago] => 8b133be2-ff23-4c7a-9721-0b23dea84b46
    [reference] => 464948
    [sequence] => 464948
    [approval] => 464948
    [lote] => 464948
)

2025-02-21T17:59:42+00:00 DEBUG Array
(
    [code] => 201
    [msg_banco] => Pago Aprobado
    [voucher] => 
    [id_pago] => d8edfc1d-e781-4db2-b4d0-319a3a547c8e
    [reference] => 319484
    [sequence] => 319484
    [approval] => 319484
    [lote] => 319484
)

2025-02-21T18:34:45+00:00 DEBUG Array
(
    [code] => 201
    [msg_banco] => Pago Aprobado
    [voucher] => 
    [id_pago] => f57c2108-0b57-4846-8783-04592e34937c
    [reference] => 32285
    [sequence] => 32285
    [approval] => 32285
    [lote] => 32285
)

2025-02-21T19:10:01+00:00 DEBUG Array
(
    [code] => 201
    [msg_banco] => Pago Aprobado
    [voucher] => 
    [id_pago] => b9800af0-6a6c-49ca-b946-0d211191df68
    [reference] => 874959
    [sequence] => 874959
    [approval] => 874959
    [lote] => 874959
)

2025-02-21T19:11:51+00:00 DEBUG Array
(
    [code] => 201
    [msg_banco] => Pago Aprobado
    [voucher] => 
    [id_pago] => a0c7196f-f13d-4f2f-abe9-d9e7a46edb66
    [reference] => 586485
    [sequence] => 586485
    [approval] => 586485
    [lote] => 586485
)

2025-02-21T21:24:24+00:00 DEBUG Array
(
    [code] => 201
    [msg_banco] => Pago Aprobado
    [voucher] => 
    [id_pago] => 45af31f3-8ba6-4118-a9fb-2f082e3b1e82
    [reference] => 644432
    [sequence] => 644432
    [approval] => 644432
    [lote] => 644432
)

